mode: count
github.com/m1/gospin/gospin.go:51.35,52.19 1 7
github.com/m1/gospin/gospin.go:61.2,61.28 1 7
github.com/m1/gospin/gospin.go:65.2,65.26 1 7
github.com/m1/gospin/gospin.go:69.2,69.32 1 7
github.com/m1/gospin/gospin.go:73.2,73.29 1 7
github.com/m1/gospin/gospin.go:77.2,77.26 1 7
github.com/m1/gospin/gospin.go:52.19,59.3 1 2
github.com/m1/gospin/gospin.go:61.28,63.3 1 4
github.com/m1/gospin/gospin.go:65.26,67.3 1 4
github.com/m1/gospin/gospin.go:69.32,71.3 1 4
github.com/m1/gospin/gospin.go:73.29,75.3 1 4
github.com/m1/gospin/gospin.go:82.52,83.29 1 208
github.com/m1/gospin/gospin.go:86.2,89.28 4 208
github.com/m1/gospin/gospin.go:94.2,94.17 1 208
github.com/m1/gospin/gospin.go:83.29,85.3 1 100
github.com/m1/gospin/gospin.go:89.28,92.3 2 6853
github.com/m1/gospin/gospin.go:98.66,101.29 2 2
github.com/m1/gospin/gospin.go:109.2,109.18 1 2
github.com/m1/gospin/gospin.go:101.29,103.17 2 200
github.com/m1/gospin/gospin.go:106.3,106.27 1 200
github.com/m1/gospin/gospin.go:103.17,105.4 1 0
github.com/m1/gospin/gospin.go:112.97,113.24 1 22136
github.com/m1/gospin/gospin.go:117.2,119.53 3 21930
github.com/m1/gospin/gospin.go:163.2,163.18 1 20691
github.com/m1/gospin/gospin.go:113.24,115.3 1 206
github.com/m1/gospin/gospin.go:119.53,124.29 5 1237
github.com/m1/gospin/gospin.go:129.3,129.17 1 1237
github.com/m1/gospin/gospin.go:133.3,134.17 2 1237
github.com/m1/gospin/gospin.go:152.3,152.16 1 1237
github.com/m1/gospin/gospin.go:124.29,127.4 2 15283
github.com/m1/gospin/gospin.go:129.17,131.4 1 0
github.com/m1/gospin/gospin.go:134.17,135.22 1 1031
github.com/m1/gospin/gospin.go:135.22,138.5 1 104
github.com/m1/gospin/gospin.go:138.10,140.5 1 927
github.com/m1/gospin/gospin.go:141.9,150.4 5 206
github.com/m1/gospin/gospin.go:153.8,153.51 1 20693
github.com/m1/gospin/gospin.go:153.51,154.17 1 1239
github.com/m1/gospin/gospin.go:158.3,158.20 1 1237
github.com/m1/gospin/gospin.go:154.17,156.4 1 2
github.com/m1/gospin/gospin.go:159.8,159.23 1 19454
github.com/m1/gospin/gospin.go:159.23,161.3 1 5614
github.com/m1/gospin/gospin.go:166.49,172.26 5 1237
github.com/m1/gospin/gospin.go:181.2,181.35 1 1237
github.com/m1/gospin/gospin.go:172.26,173.49 1 2478
github.com/m1/gospin/gospin.go:173.49,176.4 2 2476
github.com/m1/gospin/gospin.go:176.9,178.4 1 2
